{
  "stats": {
    "suites": 23,
    "tests": 73,
    "passes": 73,
    "pending": 0,
    "failures": 0,
    "start": "2026-05-04T00:54:00.581Z",
    "end": "2026-05-04T00:54:39.064Z",
    "duration": 38483,
    "testsRegistered": 73,
    "passPercent": 100,
    "pendingPercent": 0,
    "other": 0,
    "hasOther": false,
    "skipped": 0,
    "hasSkipped": false
  },
  "results": [
    {
      "uuid": "fef69f18-de6c-4218-b824-2b51e4bf7368",
      "title": "",
      "fullFile": "",
      "file": "",
      "beforeHooks": [],
      "afterHooks": [],
      "tests": [],
      "suites": [
        {
          "uuid": "3679277c-cea5-472a-8e9b-e91559cc3335",
          "title": "[AUTH] Authentication Layer",
          "fullFile": "/Users/eldinaldolustosa/Desktop/projetos/jobapplication/tests/auth/auth.spec.js",
          "file": "/tests/auth/auth.spec.js",
          "beforeHooks": [
            {
              "title": "\"before all\" hook in \"[AUTH] Authentication Layer\"",
              "fullTitle": "[AUTH] Authentication Layer \"before all\" hook in \"[AUTH] Authentication Layer\"",
              "timedOut": false,
              "duration": 1626,
              "state": null,
              "speed": null,
              "pass": false,
              "fail": false,
              "pending": false,
              "context": null,
              "code": "await connectTestDB();\nawait clearCollections('users');\n// Pre-create a known user for login tests\nconst { credentials } = await createUserAndLogin();\nregisteredCredentials = credentials;",
              "err": {},
              "uuid": "bb2d1e3b-d4d8-4ef8-b1be-fe8fc4abe74b",
              "parentUUID": "3679277c-cea5-472a-8e9b-e91559cc3335",
              "isHook": true,
              "skipped": false
            }
          ],
          "afterHooks": [
            {
              "title": "\"after all\" hook in \"[AUTH] Authentication Layer\"",
              "fullTitle": "[AUTH] Authentication Layer \"after all\" hook in \"[AUTH] Authentication Layer\"",
              "timedOut": false,
              "duration": 42,
              "state": null,
              "speed": null,
              "pass": false,
              "fail": false,
              "pending": false,
              "context": null,
              "code": "await clearCollections('users');\nawait closeTestDB();",
              "err": {},
              "uuid": "8d8d0029-ce29-460a-84b8-d12c57b182c2",
              "parentUUID": "3679277c-cea5-472a-8e9b-e91559cc3335",
              "isHook": true,
              "skipped": false
            }
          ],
          "tests": [],
          "suites": [
            {
              "uuid": "d43ba109-3704-4503-807a-95c59e4b2089",
              "title": "POST /api/v1/auth/login",
              "fullFile": "/Users/eldinaldolustosa/Desktop/projetos/jobapplication/tests/auth/auth.spec.js",
              "file": "/tests/auth/auth.spec.js",
              "beforeHooks": [],
              "afterHooks": [],
              "tests": [
                {
                  "title": "US02-001 | should return 200 with accessToken and refreshToken for valid credentials",
                  "fullTitle": "[AUTH] Authentication Layer POST /api/v1/auth/login US02-001 | should return 200 with accessToken and refreshToken for valid credentials",
                  "timedOut": false,
                  "duration": 91,
                  "state": "passed",
                  "speed": "slow",
                  "pass": true,
                  "fail": false,
                  "pending": false,
                  "context": null,
                  "code": "const res = await request(app)\n  .post('/api/v1/auth/login')\n  .send(registeredCredentials);\nexpect(res.status).to.equal(200);\nexpect(res.body).to.have.property('accessToken').that.is.a('string');\nexpect(res.body).to.have.property('refreshToken').that.is.a('string');\nexpect(res.body).to.have.property('user');\nexpect(res.body.user).to.not.have.property('password');",
                  "err": {},
                  "uuid": "41c106bd-be88-4185-ac32-bb77a856c4e7",
                  "parentUUID": "d43ba109-3704-4503-807a-95c59e4b2089",
                  "isHook": false,
                  "skipped": false
                },
                {
                  "title": "US02-002 | should return JWT payload containing sub (userId)",
                  "fullTitle": "[AUTH] Authentication Layer POST /api/v1/auth/login US02-002 | should return JWT payload containing sub (userId)",
                  "timedOut": false,
                  "duration": 87,
                  "state": "passed",
                  "speed": "slow",
                  "pass": true,
                  "fail": false,
                  "pending": false,
                  "context": null,
                  "code": "const res = await request(app)\n  .post('/api/v1/auth/login')\n  .send(registeredCredentials);\nconst payload = JSON.parse(\n  Buffer.from(res.body.accessToken.split('.')[1], 'base64').toString()\n);\nexpect(payload).to.have.property('sub').that.is.a('string');\nexpect(payload).to.have.property('exp');",
                  "err": {},
                  "uuid": "c8386e5c-39fa-428a-8416-2f68bc6771e3",
                  "parentUUID": "d43ba109-3704-4503-807a-95c59e4b2089",
                  "isHook": false,
                  "skipped": false
                },
                {
                  "title": "US02-003 | should return 401 for incorrect password",
                  "fullTitle": "[AUTH] Authentication Layer POST /api/v1/auth/login US02-003 | should return 401 for incorrect password",
                  "timedOut": false,
                  "duration": 89,
                  "state": "passed",
                  "speed": "slow",
                  "pass": true,
                  "fail": false,
                  "pending": false,
                  "context": null,
                  "code": "const res = await request(app)\n  .post('/api/v1/auth/login')\n  .send({ email: registeredCredentials.email, password: 'WrongPass999' });\nexpect(res.status).to.equal(401);\nexpect(res.body.message).to.equal('Credenciais inválidas');",
                  "err": {},
                  "uuid": "61083e50-1cca-40d6-830d-a3d5d7749747",
                  "parentUUID": "d43ba109-3704-4503-807a-95c59e4b2089",
                  "isHook": false,
                  "skipped": false
                },
                {
                  "title": "US02-004 | should return 401 for non-existent email",
                  "fullTitle": "[AUTH] Authentication Layer POST /api/v1/auth/login US02-004 | should return 401 for non-existent email",
                  "timedOut": false,
                  "duration": 43,
                  "state": "passed",
                  "speed": "medium",
                  "pass": true,
                  "fail": false,
                  "pending": false,
                  "context": null,
                  "code": "const res = await request(app)\n  .post('/api/v1/auth/login')\n  .send({ email: 'ghost@nowhere.test', password: 'AnyPass1234' });\nexpect(res.status).to.equal(401);\n// Same message as wrong password — prevents user enumeration (anti-enumeration)\nexpect(res.body.message).to.equal('Credenciais inválidas');",
                  "err": {},
                  "uuid": "01a6c56a-ad85-45c7-bfab-5ab7cf205d85",
                  "parentUUID": "d43ba109-3704-4503-807a-95c59e4b2089",
                  "isHook": false,
                  "skipped": false
                },
                {
                  "title": "US02-005 | should return 400 when email is missing",
                  "fullTitle": "[AUTH] Authentication Layer POST /api/v1/auth/login US02-005 | should return 400 when email is missing",
                  "timedOut": false,
                  "duration": 1,
                  "state": "passed",
                  "speed": "fast",
                  "pass": true,
                  "fail": false,
                  "pending": false,
                  "context": null,
                  "code": "const res = await request(app)\n  .post('/api/v1/auth/login')\n  .send({ password: 'TestPass1234' });\nexpect(res.status).to.equal(400);\nexpect(res.body).to.have.property('errors').that.is.an('array');",
                  "err": {},
                  "uuid": "f7a08f77-4940-4140-beae-bd4291f092c8",
                  "parentUUID": "d43ba109-3704-4503-807a-95c59e4b2089",
                  "isHook": false,
                  "skipped": false
                },
                {
                  "title": "US02-006 | should return 400 when password is missing",
                  "fullTitle": "[AUTH] Authentication Layer POST /api/v1/auth/login US02-006 | should return 400 when password is missing",
                  "timedOut": false,
                  "duration": 1,
                  "state": "passed",
                  "speed": "fast",
                  "pass": true,
                  "fail": false,
                  "pending": false,
                  "context": null,
                  "code": "const res = await request(app)\n  .post('/api/v1/auth/login')\n  .send({ email: registeredCredentials.email });\nexpect(res.status).to.equal(400);\nexpect(res.body).to.have.property('errors').that.is.an('array');",
                  "err": {},
                  "uuid": "546f33d0-d6e9-45dc-96a0-0a7b246e32d3",
                  "parentUUID": "d43ba109-3704-4503-807a-95c59e4b2089",
                  "isHook": false,
                  "skipped": false
                },
                {
                  "title": "US02-007 | should return 400 for malformed email format",
                  "fullTitle": "[AUTH] Authentication Layer POST /api/v1/auth/login US02-007 | should return 400 for malformed email format",
                  "timedOut": false,
                  "duration": 1,
                  "state": "passed",
                  "speed": "fast",
                  "pass": true,
                  "fail": false,
                  "pending": false,
                  "context": null,
                  "code": "const res = await request(app)\n  .post('/api/v1/auth/login')\n  .send({ email: 'not-an-email', password: 'TestPass1234' });\nexpect(res.status).to.equal(400);",
                  "err": {},
                  "uuid": "35b84ff4-34fd-40ea-a7a3-94756ecfb7d5",
                  "parentUUID": "d43ba109-3704-4503-807a-95c59e4b2089",
                  "isHook": false,
                  "skipped": false
                }
              ],
              "suites": [],
              "passes": [
                "41c106bd-be88-4185-ac32-bb77a856c4e7",
                "c8386e5c-39fa-428a-8416-2f68bc6771e3",
                "61083e50-1cca-40d6-830d-a3d5d7749747",
                "01a6c56a-ad85-45c7-bfab-5ab7cf205d85",
                "f7a08f77-4940-4140-beae-bd4291f092c8",
                "546f33d0-d6e9-45dc-96a0-0a7b246e32d3",
                "35b84ff4-34fd-40ea-a7a3-94756ecfb7d5"
              ],
              "failures": [],
              "pending": [],
              "skipped": [],
              "duration": 313,
              "root": false,
              "rootEmpty": false,
              "_timeout": 20000
            },
            {
              "uuid": "ab782f1e-9f55-4540-95e8-fca4a943a322",
              "title": "POST /api/v1/auth/refresh",
              "fullFile": "/Users/eldinaldolustosa/Desktop/projetos/jobapplication/tests/auth/auth.spec.js",
              "file": "/tests/auth/auth.spec.js",
              "beforeHooks": [
                {
                  "title": "\"before all\" hook in \"POST /api/v1/auth/refresh\"",
                  "fullTitle": "[AUTH] Authentication Layer POST /api/v1/auth/refresh \"before all\" hook in \"POST /api/v1/auth/refresh\"",
                  "timedOut": false,
                  "duration": 224,
                  "state": null,
                  "speed": null,
                  "pass": false,
                  "fail": false,
                  "pending": false,
                  "context": null,
                  "code": "const { refreshToken } = await createUserAndLogin();\nvalidRefreshToken = refreshToken;",
                  "err": {},
                  "uuid": "d4e4eff9-183a-44bc-96d2-fd6bb081482e",
                  "parentUUID": "ab782f1e-9f55-4540-95e8-fca4a943a322",
                  "isHook": true,
                  "skipped": false
                }
              ],
              "afterHooks": [],
              "tests": [
                {
                  "title": "US02-008 | should return 200 with new tokens for valid refresh token",
                  "fullTitle": "[AUTH] Authentication Layer POST /api/v1/auth/refresh US02-008 | should return 200 with new tokens for valid refresh token",
                  "timedOut": false,
                  "duration": 36,
                  "state": "passed",
                  "speed": "fast",
                  "pass": true,
                  "fail": false,
                  "pending": false,
                  "context": null,
                  "code": "const res = await request(app)\n  .post('/api/v1/auth/refresh')\n  .send({ refreshToken: validRefreshToken });\nexpect(res.status).to.equal(200);\nexpect(res.body).to.have.property('accessToken').that.is.a('string');\nexpect(res.body).to.have.property('refreshToken').that.is.a('string');",
                  "err": {},
                  "uuid": "ea9f35db-8d7b-4af9-b5ad-0213efc00c84",
                  "parentUUID": "ab782f1e-9f55-4540-95e8-fca4a943a322",
                  "isHook": false,
                  "skipped": false
                },
                {
                  "title": "US02-009 | should return 401 for an invalid refresh token",
                  "fullTitle": "[AUTH] Authentication Layer POST /api/v1/auth/refresh US02-009 | should return 401 for an invalid refresh token",
                  "timedOut": false,
                  "duration": 0,
                  "state": "passed",
                  "speed": "fast",
                  "pass": true,
                  "fail": false,
                  "pending": false,
                  "context": null,
                  "code": "const res = await request(app)\n  .post('/api/v1/auth/refresh')\n  .send({ refreshToken: 'invalid.token.string' });\nexpect(res.status).to.equal(401);",
                  "err": {},
                  "uuid": "83fb3f6f-ef93-497b-bd53-4ea9aac42079",
                  "parentUUID": "ab782f1e-9f55-4540-95e8-fca4a943a322",
                  "isHook": false,
                  "skipped": false
                },
                {
                  "title": "US02-010 | should return 400 when refreshToken is missing from body",
                  "fullTitle": "[AUTH] Authentication Layer POST /api/v1/auth/refresh US02-010 | should return 400 when refreshToken is missing from body",
                  "timedOut": false,
                  "duration": 1,
                  "state": "passed",
                  "speed": "fast",
                  "pass": true,
                  "fail": false,
                  "pending": false,
                  "context": null,
                  "code": "const res = await request(app)\n  .post('/api/v1/auth/refresh')\n  .send({});\nexpect(res.status).to.equal(400);",
                  "err": {},
                  "uuid": "a7bd62b5-dd07-479d-abd9-4533a200b358",
                  "parentUUID": "ab782f1e-9f55-4540-95e8-fca4a943a322",
                  "isHook": false,
                  "skipped": false
                }
              ],
              "suites": [],
              "passes": [
                "ea9f35db-8d7b-4af9-b5ad-0213efc00c84",
                "83fb3f6f-ef93-497b-bd53-4ea9aac42079",
                "a7bd62b5-dd07-479d-abd9-4533a200b358"
              ],
              "failures": [],
              "pending": [],
              "skipped": [],
              "duration": 37,
              "root": false,
              "rootEmpty": false,
              "_timeout": 20000
            },
            {
              "uuid": "2fbeb1de-3e68-41af-88d4-01947654599e",
              "title": "JWT Guard — Protected Routes",
              "fullFile": "/Users/eldinaldolustosa/Desktop/projetos/jobapplication/tests/auth/auth.spec.js",
              "file": "/tests/auth/auth.spec.js",
              "beforeHooks": [],
              "afterHooks": [],
              "tests": [
                {
                  "title": "US02-011 | should return 401 when Authorization header is absent",
                  "fullTitle": "[AUTH] Authentication Layer JWT Guard — Protected Routes US02-011 | should return 401 when Authorization header is absent",
                  "timedOut": false,
                  "duration": 1,
                  "state": "passed",
                  "speed": "fast",
                  "pass": true,
                  "fail": false,
                  "pending": false,
                  "context": null,
                  "code": "const res = await request(app).get('/api/v1/users/me');\nexpect(res.status).to.equal(401);\nexpect(res.body.message).to.equal('Token de autenticação não fornecido');",
                  "err": {},
                  "uuid": "cf2860e9-7476-470b-860d-dacf6a8db281",
                  "parentUUID": "2fbeb1de-3e68-41af-88d4-01947654599e",
                  "isHook": false,
                  "skipped": false
                },
                {
                  "title": "US02-012 | should return 401 for malformed Bearer token",
                  "fullTitle": "[AUTH] Authentication Layer JWT Guard — Protected Routes US02-012 | should return 401 for malformed Bearer token",
                  "timedOut": false,
                  "duration": 0,
                  "state": "passed",
                  "speed": "fast",
                  "pass": true,
                  "fail": false,
                  "pending": false,
                  "context": null,
                  "code": "const res = await request(app)\n  .get('/api/v1/users/me')\n  .set('Authorization', 'Bearer this.is.not.valid');\nexpect(res.status).to.equal(401);\nexpect(res.body.message).to.equal('Token inválido');",
                  "err": {},
                  "uuid": "b3453082-9928-4e6c-b8d8-ba0523eeb523",
                  "parentUUID": "2fbeb1de-3e68-41af-88d4-01947654599e",
                  "isHook": false,
                  "skipped": false
                },
                {
                  "title": "US02-013 | should return 200 when a valid token is provided",
                  "fullTitle": "[AUTH] Authentication Layer JWT Guard — Protected Routes US02-013 | should return 200 when a valid token is provided",
                  "timedOut": false,
                  "duration": 259,
                  "state": "passed",
                  "speed": "slow",
                  "pass": true,
                  "fail": false,
                  "pending": false,
                  "context": null,
                  "code": "const { token } = await createUserAndLogin();\nconst res = await request(app)\n  .get('/api/v1/users/me')\n  .set('Authorization', `Bearer ${token}`);\nexpect(res.status).to.equal(200);",
                  "err": {},
                  "uuid": "b0d4b396-1f54-483f-aebb-626249682506",
                  "parentUUID": "2fbeb1de-3e68-41af-88d4-01947654599e",
                  "isHook": false,
                  "skipped": false
                }
              ],
              "suites": [],
              "passes": [
                "cf2860e9-7476-470b-860d-dacf6a8db281",
                "b3453082-9928-4e6c-b8d8-ba0523eeb523",
                "b0d4b396-1f54-483f-aebb-626249682506"
              ],
              "failures": [],
              "pending": [],
              "skipped": [],
              "duration": 260,
              "root": false,
              "rootEmpty": false,
              "_timeout": 20000
            }
          ],
          "passes": [],
          "failures": [],
          "pending": [],
          "skipped": [],
          "duration": 0,
          "root": false,
          "rootEmpty": false,
          "_timeout": 20000
        },
        {
          "uuid": "c904a3e2-de7f-44b9-a518-5017182c9027",
          "title": "[JOB APPLICATIONS] Job Applications Layer",
          "fullFile": "/Users/eldinaldolustosa/Desktop/projetos/jobapplication/tests/jobapplications/jobApplications.spec.js",
          "file": "/tests/jobapplications/jobApplications.spec.js",
          "beforeHooks": [
            {
              "title": "\"before all\" hook in \"[JOB APPLICATIONS] Job Applications Layer\"",
              "fullTitle": "[JOB APPLICATIONS] Job Applications Layer \"before all\" hook in \"[JOB APPLICATIONS] Job Applications Layer\"",
              "timedOut": false,
              "duration": 1069,
              "state": null,
              "speed": null,
              "pass": false,
              "fail": false,
              "pending": false,
              "context": null,
              "code": "await connectTestDB();\nawait clearCollections('users', 'jobapplications', 'stages');",
              "err": {},
              "uuid": "6dbba22d-1da9-4d81-9d48-941f83c5e2f2",
              "parentUUID": "c904a3e2-de7f-44b9-a518-5017182c9027",
              "isHook": true,
              "skipped": false
            },
            {
              "title": "\"before each\" hook in \"[JOB APPLICATIONS] Job Applications Layer\"",
              "fullTitle": "[JOB APPLICATIONS] Job Applications Layer \"before each\" hook in \"[JOB APPLICATIONS] Job Applications Layer\"",
              "timedOut": false,
              "duration": 631,
              "state": null,
              "speed": null,
              "pass": false,
              "fail": false,
              "pending": false,
              "context": null,
              "code": "await clearCollections('jobapplications', 'stages');\nconst auth = await createUserAndLogin();\ntoken = auth.token;\nuserId = auth.user._id;\nconst other = await createUserAndLogin();\notherToken = other.token;",
              "err": {},
              "uuid": "a8fc3d13-bea5-4cbc-b063-532f7f0218ba",
              "parentUUID": "c904a3e2-de7f-44b9-a518-5017182c9027",
              "isHook": true,
              "skipped": false
            }
          ],
          "afterHooks": [
            {
              "title": "\"after all\" hook in \"[JOB APPLICATIONS] Job Applications Layer\"",
              "fullTitle": "[JOB APPLICATIONS] Job Applications Layer \"after all\" hook in \"[JOB APPLICATIONS] Job Applications Layer\"",
              "timedOut": false,
              "duration": 124,
              "state": null,
              "speed": null,
              "pass": false,
              "fail": false,
              "pending": false,
              "context": null,
              "code": "await clearCollections('users', 'jobapplications', 'stages');\nawait closeTestDB();",
              "err": {},
              "uuid": "7e1ad632-5b48-484f-941d-00b97a63a4b0",
              "parentUUID": "c904a3e2-de7f-44b9-a518-5017182c9027",
              "isHook": true,
              "skipped": false
            }
          ],
          "tests": [],
          "suites": [
            {
              "uuid": "50d06903-f4b7-4069-b920-e324edf4176c",
              "title": "POST /api/v1/job-applications",
              "fullFile": "/Users/eldinaldolustosa/Desktop/projetos/jobapplication/tests/jobapplications/jobApplications.spec.js",
              "file": "/tests/jobapplications/jobApplications.spec.js",
              "beforeHooks": [],
              "afterHooks": [],
              "tests": [
                {
                  "title": "US03-001 | should return 201 and persist application with status=Enviado",
                  "fullTitle": "[JOB APPLICATIONS] Job Applications Layer POST /api/v1/job-applications US03-001 | should return 201 and persist application with status=Enviado",
                  "timedOut": false,
                  "duration": 44,
                  "state": "passed",
                  "speed": "medium",
                  "pass": true,
                  "fail": false,
                  "pending": false,
                  "context": null,
                  "code": "const res = await request(app)\n  .post(BASE)\n  .set('Authorization', `Bearer ${token}`)\n  .send(fixtures.valid);\nexpect(res.status).to.equal(201);\nexpect(res.body).to.include.keys('_id', 'company', 'position', 'applicationDate', 'status');\nexpect(res.body.status).to.equal('Enviado');\nexpect(res.body.userId).to.equal(userId);",
                  "err": {},
                  "uuid": "3d45a7b3-97cf-404b-80c8-b367a38f49ae",
                  "parentUUID": "50d06903-f4b7-4069-b920-e324edf4176c",
                  "isHook": false,
                  "skipped": false
                },
                {
                  "title": "US03-002 | should return 201 with only required fields (minimal payload)",
                  "fullTitle": "[JOB APPLICATIONS] Job Applications Layer POST /api/v1/job-applications US03-002 | should return 201 with only required fields (minimal payload)",
                  "timedOut": false,
                  "duration": 40,
                  "state": "passed",
                  "speed": "medium",
                  "pass": true,
                  "fail": false,
                  "pending": false,
                  "context": null,
                  "code": "const res = await request(app)\n  .post(BASE)\n  .set('Authorization', `Bearer ${token}`)\n  .send(fixtures.minimal);\nexpect(res.status).to.equal(201);\nexpect(res.body.company).to.equal(fixtures.minimal.company);",
                  "err": {},
                  "uuid": "e272455a-75e1-4212-8326-698f9b317082",
                  "parentUUID": "50d06903-f4b7-4069-b920-e324edf4176c",
                  "isHook": false,
                  "skipped": false
                },
                {
                  "title": "US03-003 | should return 400 when company is missing",
                  "fullTitle": "[JOB APPLICATIONS] Job Applications Layer POST /api/v1/job-applications US03-003 | should return 400 when company is missing",
                  "timedOut": false,
                  "duration": 1,
                  "state": "passed",
                  "speed": "fast",
                  "pass": true,
                  "fail": false,
                  "pending": false,
                  "context": null,
                  "code": "const res = await request(app)\n  .post(BASE)\n  .set('Authorization', `Bearer ${token}`)\n  .send(fixtures.missingCompany);\nexpect(res.status).to.equal(400);\nconst fields = res.body.errors.map((e) => e.field);\nexpect(fields).to.include('company');",
                  "err": {},
                  "uuid": "cde3f0e5-3bf5-4284-9061-867f9361c162",
                  "parentUUID": "50d06903-f4b7-4069-b920-e324edf4176c",
                  "isHook": false,
                  "skipped": false
                },
                {
                  "title": "US03-004 | should return 400 when position is missing",
                  "fullTitle": "[JOB APPLICATIONS] Job Applications Layer POST /api/v1/job-applications US03-004 | should return 400 when position is missing",
                  "timedOut": false,
                  "duration": 1,
                  "state": "passed",
                  "speed": "fast",
                  "pass": true,
                  "fail": false,
                  "pending": false,
                  "context": null,
                  "code": "const res = await request(app)\n  .post(BASE)\n  .set('Authorization', `Bearer ${token}`)\n  .send(fixtures.missingPosition);\nexpect(res.status).to.equal(400);\nconst fields = res.body.errors.map((e) => e.field);\nexpect(fields).to.include('position');",
                  "err": {},
                  "uuid": "1bed981e-e584-4659-9eb3-f52c728f70cc",
                  "parentUUID": "50d06903-f4b7-4069-b920-e324edf4176c",
                  "isHook": false,
                  "skipped": false
                },
                {
                  "title": "US03-005 | should return 400 for negative salary value",
                  "fullTitle": "[JOB APPLICATIONS] Job Applications Layer POST /api/v1/job-applications US03-005 | should return 400 for negative salary value",
                  "timedOut": false,
                  "duration": 1,
                  "state": "passed",
                  "speed": "fast",
                  "pass": true,
                  "fail": false,
                  "pending": false,
                  "context": null,
                  "code": "const res = await request(app)\n  .post(BASE)\n  .set('Authorization', `Bearer ${token}`)\n  .send(fixtures.negativeSalary);\nexpect(res.status).to.equal(400);",
                  "err": {},
                  "uuid": "1929a6ee-1877-494e-a1af-1ff69f51023a",
                  "parentUUID": "50d06903-f4b7-4069-b920-e324edf4176c",
                  "isHook": false,
                  "skipped": false
                },
                {
                  "title": "US03-006 | should return 401 without authentication token",
                  "fullTitle": "[JOB APPLICATIONS] Job Applications Layer POST /api/v1/job-applications US03-006 | should return 401 without authentication token",
                  "timedOut": false,
                  "duration": 0,
                  "state": "passed",
                  "speed": "fast",
                  "pass": true,
                  "fail": false,
                  "pending": false,
                  "context": null,
                  "code": "const res = await request(app).post(BASE).send(fixtures.valid);\nexpect(res.status).to.equal(401);",
                  "err": {},
                  "uuid": "d45e4f71-330c-4d13-be61-ce3c4f0fa512",
                  "parentUUID": "50d06903-f4b7-4069-b920-e324edf4176c",
                  "isHook": false,
                  "skipped": false
                }
              ],
              "suites": [],
              "passes": [
                "3d45a7b3-97cf-404b-80c8-b367a38f49ae",
                "e272455a-75e1-4212-8326-698f9b317082",
                "cde3f0e5-3bf5-4284-9061-867f9361c162",
                "1bed981e-e584-4659-9eb3-f52c728f70cc",
                "1929a6ee-1877-494e-a1af-1ff69f51023a",
                "d45e4f71-330c-4d13-be61-ce3c4f0fa512"
              ],
              "failures": [],
              "pending": [],
              "skipped": [],
              "duration": 87,
              "root": false,
              "rootEmpty": false,
              "_timeout": 20000
            },
            {
              "uuid": "613eea45-8e1f-4fa3-9f9b-cf83b81bfe0b",
              "title": "GET /api/v1/job-applications",
              "fullFile": "/Users/eldinaldolustosa/Desktop/projetos/jobapplication/tests/jobapplications/jobApplications.spec.js",
              "file": "/tests/jobapplications/jobApplications.spec.js",
              "beforeHooks": [],
              "afterHooks": [],
              "tests": [
                {
                  "title": "US03-007 | should return 200 and list only the authenticated user's applications",
                  "fullTitle": "[JOB APPLICATIONS] Job Applications Layer GET /api/v1/job-applications US03-007 | should return 200 and list only the authenticated user's applications",
                  "timedOut": false,
                  "duration": 170,
                  "state": "passed",
                  "speed": "slow",
                  "pass": true,
                  "fail": false,
                  "pending": false,
                  "context": null,
                  "code": "await request(app).post(BASE).set('Authorization', `Bearer ${token}`).send(fixtures.valid);\nawait request(app).post(BASE).set('Authorization', `Bearer ${token}`).send(fixtures.minimal);\nawait request(app).post(BASE).set('Authorization', `Bearer ${otherToken}`).send(fixtures.valid);\nconst res = await request(app)\n  .get(BASE)\n  .set('Authorization', `Bearer ${token}`);\nexpect(res.status).to.equal(200);\nexpect(res.body).to.be.an('array').with.lengthOf(2);\nres.body.forEach((app) => expect(app.userId).to.equal(userId));",
                  "err": {},
                  "uuid": "1fe6d3c6-f4f8-416d-a714-68b1b9e6a519",
                  "parentUUID": "613eea45-8e1f-4fa3-9f9b-cf83b81bfe0b",
                  "isHook": false,
                  "skipped": false
                },
                {
                  "title": "US03-008 | should return an empty array when user has no applications",
                  "fullTitle": "[JOB APPLICATIONS] Job Applications Layer GET /api/v1/job-applications US03-008 | should return an empty array when user has no applications",
                  "timedOut": false,
                  "duration": 37,
                  "state": "passed",
                  "speed": "fast",
                  "pass": true,
                  "fail": false,
                  "pending": false,
                  "context": null,
                  "code": "const res = await request(app)\n  .get(BASE)\n  .set('Authorization', `Bearer ${token}`);\nexpect(res.status).to.equal(200);\nexpect(res.body).to.be.an('array').with.lengthOf(0);",
                  "err": {},
                  "uuid": "d8ba1b5b-2daa-43ff-b022-a2b2ec2d5415",
                  "parentUUID": "613eea45-8e1f-4fa3-9f9b-cf83b81bfe0b",
                  "isHook": false,
                  "skipped": false
                }
              ],
              "suites": [],
              "passes": [
                "1fe6d3c6-f4f8-416d-a714-68b1b9e6a519",
                "d8ba1b5b-2daa-43ff-b022-a2b2ec2d5415"
              ],
              "failures": [],
              "pending": [],
              "skipped": [],
              "duration": 207,
              "root": false,
              "rootEmpty": false,
              "_timeout": 20000
            },
            {
              "uuid": "6123ae11-2656-4f53-8a14-948c254b368d",
              "title": "GET /api/v1/job-applications/:id",
              "fullFile": "/Users/eldinaldolustosa/Desktop/projetos/jobapplication/tests/jobapplications/jobApplications.spec.js",
              "file": "/tests/jobapplications/jobApplications.spec.js",
              "beforeHooks": [],
              "afterHooks": [],
              "tests": [
                {
                  "title": "US03-009 | should return 200 with the application details",
                  "fullTitle": "[JOB APPLICATIONS] Job Applications Layer GET /api/v1/job-applications/:id US03-009 | should return 200 with the application details",
                  "timedOut": false,
                  "duration": 73,
                  "state": "passed",
                  "speed": "medium",
                  "pass": true,
                  "fail": false,
                  "pending": false,
                  "context": null,
                  "code": "const created = await request(app)\n  .post(BASE)\n  .set('Authorization', `Bearer ${token}`)\n  .send(fixtures.valid);\nconst res = await request(app)\n  .get(`${BASE}/${created.body._id}`)\n  .set('Authorization', `Bearer ${token}`);\nexpect(res.status).to.equal(200);\nexpect(res.body._id).to.equal(created.body._id);",
                  "err": {},
                  "uuid": "913e717c-8dc2-45f9-b895-29ce7173b020",
                  "parentUUID": "6123ae11-2656-4f53-8a14-948c254b368d",
                  "isHook": false,
                  "skipped": false
                },
                {
                  "title": "US03-010 | should return 403 when accessing another user's application",
                  "fullTitle": "[JOB APPLICATIONS] Job Applications Layer GET /api/v1/job-applications/:id US03-010 | should return 403 when accessing another user's application",
                  "timedOut": false,
                  "duration": 72,
                  "state": "passed",
                  "speed": "medium",
                  "pass": true,
                  "fail": false,
                  "pending": false,
                  "context": null,
                  "code": "const created = await request(app)\n  .post(BASE)\n  .set('Authorization', `Bearer ${otherToken}`)\n  .send(fixtures.valid);\nconst res = await request(app)\n  .get(`${BASE}/${created.body._id}`)\n  .set('Authorization', `Bearer ${token}`);\nexpect(res.status).to.equal(403);",
                  "err": {},
                  "uuid": "0aa0c1a5-244b-4ca4-8923-8d4ed57d4572",
                  "parentUUID": "6123ae11-2656-4f53-8a14-948c254b368d",
                  "isHook": false,
                  "skipped": false
                },
                {
                  "title": "US03-011 | should return 404 for a non-existent application ID",
                  "fullTitle": "[JOB APPLICATIONS] Job Applications Layer GET /api/v1/job-applications/:id US03-011 | should return 404 for a non-existent application ID",
                  "timedOut": false,
                  "duration": 44,
                  "state": "passed",
                  "speed": "medium",
                  "pass": true,
                  "fail": false,
                  "pending": false,
                  "context": null,
                  "code": "const res = await request(app)\n  .get(`${BASE}/000000000000000000000000`)\n  .set('Authorization', `Bearer ${token}`);\nexpect(res.status).to.equal(404);",
                  "err": {},
                  "uuid": "2b971ce5-3cf1-4142-87bb-bc22bc914dca",
                  "parentUUID": "6123ae11-2656-4f53-8a14-948c254b368d",
                  "isHook": false,
                  "skipped": false
                }
              ],
              "suites": [],
              "passes": [
                "913e717c-8dc2-45f9-b895-29ce7173b020",
                "0aa0c1a5-244b-4ca4-8923-8d4ed57d4572",
                "2b971ce5-3cf1-4142-87bb-bc22bc914dca"
              ],
              "failures": [],
              "pending": [],
              "skipped": [],
              "duration": 189,
              "root": false,
              "rootEmpty": false,
              "_timeout": 20000
            },
            {
              "uuid": "3c4303c2-10e1-446f-957d-fcf230d27dcf",
              "title": "PUT /api/v1/job-applications/:id",
              "fullFile": "/Users/eldinaldolustosa/Desktop/projetos/jobapplication/tests/jobapplications/jobApplications.spec.js",
              "file": "/tests/jobapplications/jobApplications.spec.js",
              "beforeHooks": [],
              "afterHooks": [],
              "tests": [
                {
                  "title": "US03-012 | should return 200 and update the application fields",
                  "fullTitle": "[JOB APPLICATIONS] Job Applications Layer PUT /api/v1/job-applications/:id US03-012 | should return 200 and update the application fields",
                  "timedOut": false,
                  "duration": 120,
                  "state": "passed",
                  "speed": "slow",
                  "pass": true,
                  "fail": false,
                  "pending": false,
                  "context": null,
                  "code": "const created = await request(app)\n  .post(BASE)\n  .set('Authorization', `Bearer ${token}`)\n  .send(fixtures.valid);\nconst res = await request(app)\n  .put(`${BASE}/${created.body._id}`)\n  .set('Authorization', `Bearer ${token}`)\n  .send(fixtures.updatePayload);\nexpect(res.status).to.equal(200);\nexpect(res.body.salary).to.equal(fixtures.updatePayload.salary);\nexpect(res.body.description).to.equal(fixtures.updatePayload.description);",
                  "err": {},
                  "uuid": "48e307a0-4698-4384-8e7a-5f3db2de5f68",
                  "parentUUID": "3c4303c2-10e1-446f-957d-fcf230d27dcf",
                  "isHook": false,
                  "skipped": false
                },
                {
                  "title": "US03-013 | should return 403 when trying to update another user's application",
                  "fullTitle": "[JOB APPLICATIONS] Job Applications Layer PUT /api/v1/job-applications/:id US03-013 | should return 403 when trying to update another user's application",
                  "timedOut": false,
                  "duration": 80,
                  "state": "passed",
                  "speed": "slow",
                  "pass": true,
                  "fail": false,
                  "pending": false,
                  "context": null,
                  "code": "const created = await request(app)\n  .post(BASE)\n  .set('Authorization', `Bearer ${otherToken}`)\n  .send(fixtures.valid);\nconst res = await request(app)\n  .put(`${BASE}/${created.body._id}`)\n  .set('Authorization', `Bearer ${token}`)\n  .send(fixtures.updatePayload);\nexpect(res.status).to.equal(403);",
                  "err": {},
                  "uuid": "7828f4a7-423e-46e0-8d14-321ffbc1f172",
                  "parentUUID": "3c4303c2-10e1-446f-957d-fcf230d27dcf",
                  "isHook": false,
                  "skipped": false
                }
              ],
              "suites": [],
              "passes": [
                "48e307a0-4698-4384-8e7a-5f3db2de5f68",
                "7828f4a7-423e-46e0-8d14-321ffbc1f172"
              ],
              "failures": [],
              "pending": [],
              "skipped": [],
              "duration": 200,
              "root": false,
              "rootEmpty": false,
              "_timeout": 20000
            },
            {
              "uuid": "ea0e442c-3f7e-4e20-9024-e5bc01356277",
              "title": "DELETE /api/v1/job-applications/:id",
              "fullFile": "/Users/eldinaldolustosa/Desktop/projetos/jobapplication/tests/jobapplications/jobApplications.spec.js",
              "file": "/tests/jobapplications/jobApplications.spec.js",
              "beforeHooks": [],
              "afterHooks": [],
              "tests": [
                {
                  "title": "US03-014 | should return 204 and remove the application",
                  "fullTitle": "[JOB APPLICATIONS] Job Applications Layer DELETE /api/v1/job-applications/:id US03-014 | should return 204 and remove the application",
                  "timedOut": false,
                  "duration": 200,
                  "state": "passed",
                  "speed": "slow",
                  "pass": true,
                  "fail": false,
                  "pending": false,
                  "context": null,
                  "code": "const created = await request(app)\n  .post(BASE)\n  .set('Authorization', `Bearer ${token}`)\n  .send(fixtures.valid);\nconst del = await request(app)\n  .delete(`${BASE}/${created.body._id}`)\n  .set('Authorization', `Bearer ${token}`);\nexpect(del.status).to.equal(204);\nconst get = await request(app)\n  .get(`${BASE}/${created.body._id}`)\n  .set('Authorization', `Bearer ${token}`);\nexpect(get.status).to.equal(404);",
                  "err": {},
                  "uuid": "64a13ddd-6bab-4fc4-be52-d4363833a031",
                  "parentUUID": "ea0e442c-3f7e-4e20-9024-e5bc01356277",
                  "isHook": false,
                  "skipped": false
                },
                {
                  "title": "US03-015 | should return 403 when deleting another user's application",
                  "fullTitle": "[JOB APPLICATIONS] Job Applications Layer DELETE /api/v1/job-applications/:id US03-015 | should return 403 when deleting another user's application",
                  "timedOut": false,
                  "duration": 88,
                  "state": "passed",
                  "speed": "slow",
                  "pass": true,
                  "fail": false,
                  "pending": false,
                  "context": null,
                  "code": "const created = await request(app)\n  .post(BASE)\n  .set('Authorization', `Bearer ${otherToken}`)\n  .send(fixtures.valid);\nconst res = await request(app)\n  .delete(`${BASE}/${created.body._id}`)\n  .set('Authorization', `Bearer ${token}`);\nexpect(res.status).to.equal(403);",
                  "err": {},
                  "uuid": "d9a1413a-acdc-473a-81f1-98ac54c2ddd1",
                  "parentUUID": "ea0e442c-3f7e-4e20-9024-e5bc01356277",
                  "isHook": false,
                  "skipped": false
                }
              ],
              "suites": [],
              "passes": [
                "64a13ddd-6bab-4fc4-be52-d4363833a031",
                "d9a1413a-acdc-473a-81f1-98ac54c2ddd1"
              ],
              "failures": [],
              "pending": [],
              "skipped": [],
              "duration": 288,
              "root": false,
              "rootEmpty": false,
              "_timeout": 20000
            },
            {
              "uuid": "f1d70da1-8c00-4fa6-abd2-877caa171b72",
              "title": "POST /api/v1/job-applications/:id/stages",
              "fullFile": "/Users/eldinaldolustosa/Desktop/projetos/jobapplication/tests/jobapplications/jobApplications.spec.js",
              "file": "/tests/jobapplications/jobApplications.spec.js",
              "beforeHooks": [
                {
                  "title": "\"before each\" hook in \"POST /api/v1/job-applications/:id/stages\"",
                  "fullTitle": "[JOB APPLICATIONS] Job Applications Layer POST /api/v1/job-applications/:id/stages \"before each\" hook in \"POST /api/v1/job-applications/:id/stages\"",
                  "timedOut": false,
                  "duration": 42,
                  "state": null,
                  "speed": null,
                  "pass": false,
                  "fail": false,
                  "pending": false,
                  "context": null,
                  "code": "const res = await request(app)\n  .post(BASE)\n  .set('Authorization', `Bearer ${token}`)\n  .send(fixtures.valid);\nappId = res.body._id;",
                  "err": {},
                  "uuid": "7171ecdb-08ac-42d2-a403-659c243506bd",
                  "parentUUID": "f1d70da1-8c00-4fa6-abd2-877caa171b72",
                  "isHook": true,
                  "skipped": false
                }
              ],
              "afterHooks": [],
              "tests": [
                {
                  "title": "US05-001 | should return 201 and update application status to new stage",
                  "fullTitle": "[JOB APPLICATIONS] Job Applications Layer POST /api/v1/job-applications/:id/stages US05-001 | should return 201 and update application status to new stage",
                  "timedOut": false,
                  "duration": 179,
                  "state": "passed",
                  "speed": "slow",
                  "pass": true,
                  "fail": false,
                  "pending": false,
                  "context": null,
                  "code": "const res = await request(app)\n  .post(`${BASE}/${appId}/stages`)\n  .set('Authorization', `Bearer ${token}`)\n  .send(fixtures.stages.feedback);\nexpect(res.status).to.equal(201);\nexpect(res.body.status).to.equal('Feedback');\nconst app_ = await request(app)\n  .get(`${BASE}/${appId}`)\n  .set('Authorization', `Bearer ${token}`);\nexpect(app_.body.status).to.equal('Feedback');",
                  "err": {},
                  "uuid": "f1d5b043-09ae-4a61-8f2c-3a0ad8255096",
                  "parentUUID": "f1d70da1-8c00-4fa6-abd2-877caa171b72",
                  "isHook": false,
                  "skipped": false
                },
                {
                  "title": "US05-002 | should return 400 for invalid stage status value",
                  "fullTitle": "[JOB APPLICATIONS] Job Applications Layer POST /api/v1/job-applications/:id/stages US05-002 | should return 400 for invalid stage status value",
                  "timedOut": false,
                  "duration": 1,
                  "state": "passed",
                  "speed": "fast",
                  "pass": true,
                  "fail": false,
                  "pending": false,
                  "context": null,
                  "code": "const res = await request(app)\n  .post(`${BASE}/${appId}/stages`)\n  .set('Authorization', `Bearer ${token}`)\n  .send(fixtures.stages.invalidStatus);\nexpect(res.status).to.equal(400);",
                  "err": {},
                  "uuid": "ab6ebf35-9a2d-4594-b2f3-0a75ff9627d5",
                  "parentUUID": "f1d70da1-8c00-4fa6-abd2-877caa171b72",
                  "isHook": false,
                  "skipped": false
                },
                {
                  "title": "US05-003 | should return 400 when stage date is missing",
                  "fullTitle": "[JOB APPLICATIONS] Job Applications Layer POST /api/v1/job-applications/:id/stages US05-003 | should return 400 when stage date is missing",
                  "timedOut": false,
                  "duration": 0,
                  "state": "passed",
                  "speed": "fast",
                  "pass": true,
                  "fail": false,
                  "pending": false,
                  "context": null,
                  "code": "const res = await request(app)\n  .post(`${BASE}/${appId}/stages`)\n  .set('Authorization', `Bearer ${token}`)\n  .send(fixtures.stages.missingDate);\nexpect(res.status).to.equal(400);",
                  "err": {},
                  "uuid": "d9c296f1-def3-47c0-b856-90c2976ff2bb",
                  "parentUUID": "f1d70da1-8c00-4fa6-abd2-877caa171b72",
                  "isHook": false,
                  "skipped": false
                },
                {
                  "title": "US05-004 | should return 422 when new stage date is before the last stage date",
                  "fullTitle": "[JOB APPLICATIONS] Job Applications Layer POST /api/v1/job-applications/:id/stages US05-004 | should return 422 when new stage date is before the last stage date",
                  "timedOut": false,
                  "duration": 215,
                  "state": "passed",
                  "speed": "slow",
                  "pass": true,
                  "fail": false,
                  "pending": false,
                  "context": null,
                  "code": "await request(app)\n  .post(`${BASE}/${appId}/stages`)\n  .set('Authorization', `Bearer ${token}`)\n  .send(fixtures.stages.interview); // date: 2026-05-10\nconst res = await request(app)\n  .post(`${BASE}/${appId}/stages`)\n  .set('Authorization', `Bearer ${token}`)\n  .send({ status: 'Feedback', date: '2026-04-01', notes: 'retroactive' });\nexpect(res.status).to.equal(422);",
                  "err": {},
                  "uuid": "5bdc206a-52a1-48f0-833c-45a9325756fb",
                  "parentUUID": "f1d70da1-8c00-4fa6-abd2-877caa171b72",
                  "isHook": false,
                  "skipped": false
                },
                {
                  "title": "US05-005 | should return 422 when registering the same stage consecutively",
                  "fullTitle": "[JOB APPLICATIONS] Job Applications Layer POST /api/v1/job-applications/:id/stages US05-005 | should return 422 when registering the same stage consecutively",
                  "timedOut": false,
                  "duration": 217,
                  "state": "passed",
                  "speed": "slow",
                  "pass": true,
                  "fail": false,
                  "pending": false,
                  "context": null,
                  "code": "await request(app)\n  .post(`${BASE}/${appId}/stages`)\n  .set('Authorization', `Bearer ${token}`)\n  .send(fixtures.stages.feedback);\nconst res = await request(app)\n  .post(`${BASE}/${appId}/stages`)\n  .set('Authorization', `Bearer ${token}`)\n  .send({ status: 'Feedback', date: '2026-05-10' });\nexpect(res.status).to.equal(422);",
                  "err": {},
                  "uuid": "4ac74b5a-0082-4820-8ef0-a93d3c56f803",
                  "parentUUID": "f1d70da1-8c00-4fa6-abd2-877caa171b72",
                  "isHook": false,
                  "skipped": false
                },
                {
                  "title": "US05-006 | should return 404 for non-existent application",
                  "fullTitle": "[JOB APPLICATIONS] Job Applications Layer POST /api/v1/job-applications/:id/stages US05-006 | should return 404 for non-existent application",
                  "timedOut": false,
                  "duration": 42,
                  "state": "passed",
                  "speed": "medium",
                  "pass": true,
                  "fail": false,
                  "pending": false,
                  "context": null,
                  "code": "const res = await request(app)\n  .post(`${BASE}/000000000000000000000000/stages`)\n  .set('Authorization', `Bearer ${token}`)\n  .send(fixtures.stages.feedback);\nexpect(res.status).to.equal(404);",
                  "err": {},
                  "uuid": "5ab3cd8a-c257-4596-a772-dab984485361",
                  "parentUUID": "f1d70da1-8c00-4fa6-abd2-877caa171b72",
                  "isHook": false,
                  "skipped": false
                }
              ],
              "suites": [],
              "passes": [
                "f1d5b043-09ae-4a61-8f2c-3a0ad8255096",
                "ab6ebf35-9a2d-4594-b2f3-0a75ff9627d5",
                "d9c296f1-def3-47c0-b856-90c2976ff2bb",
                "5bdc206a-52a1-48f0-833c-45a9325756fb",
                "4ac74b5a-0082-4820-8ef0-a93d3c56f803",
                "5ab3cd8a-c257-4596-a772-dab984485361"
              ],
              "failures": [],
              "pending": [],
              "skipped": [],
              "duration": 654,
              "root": false,
              "rootEmpty": false,
              "_timeout": 20000
            },
            {
              "uuid": "d57db913-e4b5-4131-9b6a-a067c274a5d5",
              "title": "GET /api/v1/job-applications/:id/stages",
              "fullFile": "/Users/eldinaldolustosa/Desktop/projetos/jobapplication/tests/jobapplications/jobApplications.spec.js",
              "file": "/tests/jobapplications/jobApplications.spec.js",
              "beforeHooks": [],
              "afterHooks": [],
              "tests": [
                {
                  "title": "US05-007 | should return stages in ascending chronological order",
                  "fullTitle": "[JOB APPLICATIONS] Job Applications Layer GET /api/v1/job-applications/:id/stages US05-007 | should return stages in ascending chronological order",
                  "timedOut": false,
                  "duration": 409,
                  "state": "passed",
                  "speed": "slow",
                  "pass": true,
                  "fail": false,
                  "pending": false,
                  "context": null,
                  "code": "const created = await request(app)\n  .post(BASE)\n  .set('Authorization', `Bearer ${token}`)\n  .send(fixtures.valid);\nconst appId = created.body._id;\nawait request(app).post(`${BASE}/${appId}/stages`)\n  .set('Authorization', `Bearer ${token}`).send(fixtures.stages.feedback);\nawait request(app).post(`${BASE}/${appId}/stages`)\n  .set('Authorization', `Bearer ${token}`).send(fixtures.stages.interview);\nconst res = await request(app)\n  .get(`${BASE}/${appId}/stages`)\n  .set('Authorization', `Bearer ${token}`);\nexpect(res.status).to.equal(200);\nexpect(res.body).to.be.an('array').with.lengthOf(2);\nexpect(new Date(res.body[0].date) <= new Date(res.body[1].date)).to.be.true;",
                  "err": {},
                  "uuid": "05f1dc5d-3845-4bf0-8007-7a4f3ccd35f5",
                  "parentUUID": "d57db913-e4b5-4131-9b6a-a067c274a5d5",
                  "isHook": false,
                  "skipped": false
                }
              ],
              "suites": [],
              "passes": [
                "05f1dc5d-3845-4bf0-8007-7a4f3ccd35f5"
              ],
              "failures": [],
              "pending": [],
              "skipped": [],
              "duration": 409,
              "root": false,
              "rootEmpty": false,
              "_timeout": 20000
            },
            {
              "uuid": "82ab7115-b45d-4355-82bc-def1346dc5c3",
              "title": "POST /api/v1/job-applications/:id/resume",
              "fullFile": "/Users/eldinaldolustosa/Desktop/projetos/jobapplication/tests/jobapplications/jobApplications.spec.js",
              "file": "/tests/jobapplications/jobApplications.spec.js",
              "beforeHooks": [
                {
                  "title": "\"before all\" hook in \"POST /api/v1/job-applications/:id/resume\"",
                  "fullTitle": "[JOB APPLICATIONS] Job Applications Layer POST /api/v1/job-applications/:id/resume \"before all\" hook in \"POST /api/v1/job-applications/:id/resume\"",
                  "timedOut": false,
                  "duration": 4,
                  "state": null,
                  "speed": null,
                  "pass": false,
                  "fail": false,
                  "pending": false,
                  "context": null,
                  "code": "// Create a minimal fake PDF for upload tests\nfs.writeFileSync(fakePdfPath, '%PDF-1.4 fake content for testing');",
                  "err": {},
                  "uuid": "63375f45-11b2-4192-8d5a-47d02a9bcbb1",
                  "parentUUID": "82ab7115-b45d-4355-82bc-def1346dc5c3",
                  "isHook": true,
                  "skipped": false
                },
                {
                  "title": "\"before each\" hook in \"POST /api/v1/job-applications/:id/resume\"",
                  "fullTitle": "[JOB APPLICATIONS] Job Applications Layer POST /api/v1/job-applications/:id/resume \"before each\" hook in \"POST /api/v1/job-applications/:id/resume\"",
                  "timedOut": false,
                  "duration": 46,
                  "state": null,
                  "speed": null,
                  "pass": false,
                  "fail": false,
                  "pending": false,
                  "context": null,
                  "code": "const res = await request(app)\n  .post(BASE)\n  .set('Authorization', `Bearer ${token}`)\n  .send(fixtures.valid);\nappId = res.body._id;",
                  "err": {},
                  "uuid": "b9b5e725-57e9-40a0-900b-b958950df63d",
                  "parentUUID": "82ab7115-b45d-4355-82bc-def1346dc5c3",
                  "isHook": true,
                  "skipped": false
                }
              ],
              "afterHooks": [
                {
                  "title": "\"after all\" hook in \"POST /api/v1/job-applications/:id/resume\"",
                  "fullTitle": "[JOB APPLICATIONS] Job Applications Layer POST /api/v1/job-applications/:id/resume \"after all\" hook in \"POST /api/v1/job-applications/:id/resume\"",
                  "timedOut": false,
                  "duration": 0,
                  "state": null,
                  "speed": null,
                  "pass": false,
                  "fail": false,
                  "pending": false,
                  "context": null,
                  "code": "if (fs.existsSync(fakePdfPath)) fs.unlinkSync(fakePdfPath);",
                  "err": {},
                  "uuid": "7db416ab-bdc1-4477-8e8f-002cd790e717",
                  "parentUUID": "82ab7115-b45d-4355-82bc-def1346dc5c3",
                  "isHook": true,
                  "skipped": false
                }
              ],
              "tests": [
                {
                  "title": "US04-001 | should return 201 and store resume metadata for valid PDF upload",
                  "fullTitle": "[JOB APPLICATIONS] Job Applications Layer POST /api/v1/job-applications/:id/resume US04-001 | should return 201 and store resume metadata for valid PDF upload",
                  "timedOut": false,
                  "duration": 76,
                  "state": "passed",
                  "speed": "slow",
                  "pass": true,
                  "fail": false,
                  "pending": false,
                  "context": null,
                  "code": "const res = await request(app)\n  .post(`${BASE}/${appId}/resume`)\n  .set('Authorization', `Bearer ${token}`)\n  .attach('resume', fakePdfPath, { contentType: 'application/pdf' });\nexpect(res.status).to.equal(201);\nexpect(res.body).to.have.property('originalName');\nexpect(res.body).to.have.property('uploadedAt');",
                  "err": {},
                  "uuid": "a6830b59-115e-4d1f-be1e-f2959af13277",
                  "parentUUID": "82ab7115-b45d-4355-82bc-def1346dc5c3",
                  "isHook": false,
                  "skipped": false
                },
                {
                  "title": "US04-002 | should return 404 when querying resume that was never uploaded",
                  "fullTitle": "[JOB APPLICATIONS] Job Applications Layer POST /api/v1/job-applications/:id/resume US04-002 | should return 404 when querying resume that was never uploaded",
                  "timedOut": false,
                  "duration": 39,
                  "state": "passed",
                  "speed": "medium",
                  "pass": true,
                  "fail": false,
                  "pending": false,
                  "context": null,
                  "code": "const res = await request(app)\n  .get(`${BASE}/${appId}/resume`)\n  .set('Authorization', `Bearer ${token}`);\nexpect(res.status).to.equal(404);\nexpect(res.body.message).to.include('Nenhum currículo');",
                  "err": {},
                  "uuid": "0ca5d9e8-d2ec-40d5-b46b-85f064fcfd3d",
                  "parentUUID": "82ab7115-b45d-4355-82bc-def1346dc5c3",
                  "isHook": false,
                  "skipped": false
                },
                {
                  "title": "US04-003 | should return 415 for non-PDF file format",
                  "fullTitle": "[JOB APPLICATIONS] Job Applications Layer POST /api/v1/job-applications/:id/resume US04-003 | should return 415 for non-PDF file format",
                  "timedOut": false,
                  "duration": 1,
                  "state": "passed",
                  "speed": "fast",
                  "pass": true,
                  "fail": false,
                  "pending": false,
                  "context": null,
                  "code": "const txtPath = path.join(__dirname, '../fixtures/fake-doc.txt');\nfs.writeFileSync(txtPath, 'fake document');\nconst res = await request(app)\n  .post(`${BASE}/${appId}/resume`)\n  .set('Authorization', `Bearer ${token}`)\n  .attach('resume', txtPath, { contentType: 'text/plain' });\nexpect(res.status).to.equal(415);\nif (fs.existsSync(txtPath)) fs.unlinkSync(txtPath);",
                  "err": {},
                  "uuid": "48e0ba5a-1ae7-495a-9a7f-d9573855e2d4",
                  "parentUUID": "82ab7115-b45d-4355-82bc-def1346dc5c3",
                  "isHook": false,
                  "skipped": false
                }
              ],
              "suites": [],
              "passes": [
                "a6830b59-115e-4d1f-be1e-f2959af13277",
                "0ca5d9e8-d2ec-40d5-b46b-85f064fcfd3d",
                "48e0ba5a-1ae7-495a-9a7f-d9573855e2d4"
              ],
              "failures": [],
              "pending": [],
              "skipped": [],
              "duration": 116,
              "root": false,
              "rootEmpty": false,
              "_timeout": 20000
            }
          ],
          "passes": [],
          "failures": [],
          "pending": [],
          "skipped": [],
          "duration": 0,
          "root": false,
          "rootEmpty": false,
          "_timeout": 20000
        },
        {
          "uuid": "6003a93f-2476-4bf8-9eb2-27f2f715cb1d",
          "title": "[LINKEDIN] LinkedIn Layer",
          "fullFile": "/Users/eldinaldolustosa/Desktop/projetos/jobapplication/tests/linkedin/linkedin.spec.js",
          "file": "/tests/linkedin/linkedin.spec.js",
          "beforeHooks": [
            {
              "title": "\"before all\" hook in \"[LINKEDIN] LinkedIn Layer\"",
              "fullTitle": "[LINKEDIN] LinkedIn Layer \"before all\" hook in \"[LINKEDIN] LinkedIn Layer\"",
              "timedOut": false,
              "duration": 1038,
              "state": null,
              "speed": null,
              "pass": false,
              "fail": false,
              "pending": false,
              "context": null,
              "code": "await connectTestDB();\nawait clearCollections('users', 'linkedincompanies', 'linkedincontacts');",
              "err": {},
              "uuid": "71e07f3e-01c3-44d5-9871-85b908c9af64",
              "parentUUID": "6003a93f-2476-4bf8-9eb2-27f2f715cb1d",
              "isHook": true,
              "skipped": false
            },
            {
              "title": "\"before each\" hook in \"[LINKEDIN] LinkedIn Layer\"",
              "fullTitle": "[LINKEDIN] LinkedIn Layer \"before each\" hook in \"[LINKEDIN] LinkedIn Layer\"",
              "timedOut": false,
              "duration": 566,
              "state": null,
              "speed": null,
              "pass": false,
              "fail": false,
              "pending": false,
              "context": null,
              "code": "await clearCollections('linkedincompanies', 'linkedincontacts');\nconst auth = await createUserAndLogin();\ntoken = auth.token;\nconst other = await createUserAndLogin();\notherToken = other.token;",
              "err": {},
              "uuid": "c184c729-25c7-4082-a542-8b4a56829a6d",
              "parentUUID": "6003a93f-2476-4bf8-9eb2-27f2f715cb1d",
              "isHook": true,
              "skipped": false
            }
          ],
          "afterHooks": [
            {
              "title": "\"after all\" hook in \"[LINKEDIN] LinkedIn Layer\"",
              "fullTitle": "[LINKEDIN] LinkedIn Layer \"after all\" hook in \"[LINKEDIN] LinkedIn Layer\"",
              "timedOut": false,
              "duration": 112,
              "state": null,
              "speed": null,
              "pass": false,
              "fail": false,
              "pending": false,
              "context": null,
              "code": "await clearCollections('users', 'linkedincompanies', 'linkedincontacts');\nawait closeTestDB();",
              "err": {},
              "uuid": "cb4ab4e9-0a19-41ea-b5a6-0bfa021f672c",
              "parentUUID": "6003a93f-2476-4bf8-9eb2-27f2f715cb1d",
              "isHook": true,
              "skipped": false
            }
          ],
          "tests": [],
          "suites": [
            {
              "uuid": "338e0b63-aada-4975-9d10-0e23b793d539",
              "title": "POST /api/v1/linkedin/companies",
              "fullFile": "/Users/eldinaldolustosa/Desktop/projetos/jobapplication/tests/linkedin/linkedin.spec.js",
              "file": "/tests/linkedin/linkedin.spec.js",
              "beforeHooks": [],
              "afterHooks": [],
              "tests": [
                {
                  "title": "US06-001 | should return 201 and persist LinkedIn company profile",
                  "fullTitle": "[LINKEDIN] LinkedIn Layer POST /api/v1/linkedin/companies US06-001 | should return 201 and persist LinkedIn company profile",
                  "timedOut": false,
                  "duration": 80,
                  "state": "passed",
                  "speed": "slow",
                  "pass": true,
                  "fail": false,
                  "pending": false,
                  "context": null,
                  "code": "const payload = { ...fixtures.validCompany, linkedinUrl: uniqueCompanyUrl() };\nconst res = await request(app)\n  .post(COMPANIES)\n  .set('Authorization', `Bearer ${token}`)\n  .send(payload);\nexpect(res.status).to.equal(201);\nexpect(res.body).to.include.keys('_id', 'name', 'linkedinUrl');\nexpect(res.body.name).to.equal(fixtures.validCompany.name);",
                  "err": {},
                  "uuid": "8baaaa2d-0ee3-4897-8aee-7df889e05d2e",
                  "parentUUID": "338e0b63-aada-4975-9d10-0e23b793d539",
                  "isHook": false,
                  "skipped": false
                },
                {
                  "title": "US06-002 | should return 409 when same LinkedIn URL is registered twice by same user",
                  "fullTitle": "[LINKEDIN] LinkedIn Layer POST /api/v1/linkedin/companies US06-002 | should return 409 when same LinkedIn URL is registered twice by same user",
                  "timedOut": false,
                  "duration": 123,
                  "state": "passed",
                  "speed": "slow",
                  "pass": true,
                  "fail": false,
                  "pending": false,
                  "context": null,
                  "code": "const url = uniqueCompanyUrl();\nawait request(app).post(COMPANIES)\n  .set('Authorization', `Bearer ${token}`)\n  .send({ name: 'Corp A', linkedinUrl: url });\nconst res = await request(app).post(COMPANIES)\n  .set('Authorization', `Bearer ${token}`)\n  .send({ name: 'Corp A duplicate', linkedinUrl: url });\nexpect(res.status).to.equal(409);\nexpect(res.body.message).to.equal('Empresa já cadastrada');",
                  "err": {},
                  "uuid": "11be017a-dec6-4e6b-9d19-81d227fd12b3",
                  "parentUUID": "338e0b63-aada-4975-9d10-0e23b793d539",
                  "isHook": false,
                  "skipped": false
                },
                {
                  "title": "US06-003 | should allow same URL to be used by two different users",
                  "fullTitle": "[LINKEDIN] LinkedIn Layer POST /api/v1/linkedin/companies US06-003 | should allow same URL to be used by two different users",
                  "timedOut": false,
                  "duration": 159,
                  "state": "passed",
                  "speed": "slow",
                  "pass": true,
                  "fail": false,
                  "pending": false,
                  "context": null,
                  "code": "const url = uniqueCompanyUrl();\nconst r1 = await request(app).post(COMPANIES)\n  .set('Authorization', `Bearer ${token}`)\n  .send({ name: 'Corp A', linkedinUrl: url });\nconst r2 = await request(app).post(COMPANIES)\n  .set('Authorization', `Bearer ${otherToken}`)\n  .send({ name: 'Corp A', linkedinUrl: url });\nexpect(r1.status).to.equal(201);\nexpect(r2.status).to.equal(201);",
                  "err": {},
                  "uuid": "4bfc5ac7-a3d5-436c-a94e-60b8bcc111fc",
                  "parentUUID": "338e0b63-aada-4975-9d10-0e23b793d539",
                  "isHook": false,
                  "skipped": false
                },
                {
                  "title": "US06-004 | should return 400 for URL not matching linkedin.com/company/ pattern",
                  "fullTitle": "[LINKEDIN] LinkedIn Layer POST /api/v1/linkedin/companies US06-004 | should return 400 for URL not matching linkedin.com/company/ pattern",
                  "timedOut": false,
                  "duration": 0,
                  "state": "passed",
                  "speed": "fast",
                  "pass": true,
                  "fail": false,
                  "pending": false,
                  "context": null,
                  "code": "const res = await request(app)\n  .post(COMPANIES)\n  .set('Authorization', `Bearer ${token}`)\n  .send(fixtures.invalidCompanyUrl);\nexpect(res.status).to.equal(400);\nexpect(res.body.message).to.include('linkedin.com/company');",
                  "err": {},
                  "uuid": "acf88cf3-3780-4e27-9df1-31d9824a0a7c",
                  "parentUUID": "338e0b63-aada-4975-9d10-0e23b793d539",
                  "isHook": false,
                  "skipped": false
                },
                {
                  "title": "US06-005 | should return 400 when company name is missing",
                  "fullTitle": "[LINKEDIN] LinkedIn Layer POST /api/v1/linkedin/companies US06-005 | should return 400 when company name is missing",
                  "timedOut": false,
                  "duration": 0,
                  "state": "passed",
                  "speed": "fast",
                  "pass": true,
                  "fail": false,
                  "pending": false,
                  "context": null,
                  "code": "const res = await request(app)\n  .post(COMPANIES)\n  .set('Authorization', `Bearer ${token}`)\n  .send({ linkedinUrl: uniqueCompanyUrl() });\nexpect(res.status).to.equal(400);",
                  "err": {},
                  "uuid": "d7bb71cb-04b9-49a5-8317-b55be02813f2",
                  "parentUUID": "338e0b63-aada-4975-9d10-0e23b793d539",
                  "isHook": false,
                  "skipped": false
                },
                {
                  "title": "US06-006 | should return 401 without authentication token",
                  "fullTitle": "[LINKEDIN] LinkedIn Layer POST /api/v1/linkedin/companies US06-006 | should return 401 without authentication token",
                  "timedOut": false,
                  "duration": 0,
                  "state": "passed",
                  "speed": "fast",
                  "pass": true,
                  "fail": false,
                  "pending": false,
                  "context": null,
                  "code": "const res = await request(app).post(COMPANIES).send(fixtures.validCompany);\nexpect(res.status).to.equal(401);",
                  "err": {},
                  "uuid": "7f241be4-4e33-4688-9d42-300a2d279b45",
                  "parentUUID": "338e0b63-aada-4975-9d10-0e23b793d539",
                  "isHook": false,
                  "skipped": false
                }
              ],
              "suites": [],
              "passes": [
                "8baaaa2d-0ee3-4897-8aee-7df889e05d2e",
                "11be017a-dec6-4e6b-9d19-81d227fd12b3",
                "4bfc5ac7-a3d5-436c-a94e-60b8bcc111fc",
                "acf88cf3-3780-4e27-9df1-31d9824a0a7c",
                "d7bb71cb-04b9-49a5-8317-b55be02813f2",
                "7f241be4-4e33-4688-9d42-300a2d279b45"
              ],
              "failures": [],
              "pending": [],
              "skipped": [],
              "duration": 362,
              "root": false,
              "rootEmpty": false,
              "_timeout": 20000
            },
            {
              "uuid": "aacfa236-43ec-4efa-8832-51da60c973bc",
              "title": "GET /api/v1/linkedin/companies",
              "fullFile": "/Users/eldinaldolustosa/Desktop/projetos/jobapplication/tests/linkedin/linkedin.spec.js",
              "file": "/tests/linkedin/linkedin.spec.js",
              "beforeHooks": [],
              "afterHooks": [],
              "tests": [
                {
                  "title": "US06-007 | should return 200 and list only the authenticated user's companies",
                  "fullTitle": "[LINKEDIN] LinkedIn Layer GET /api/v1/linkedin/companies US06-007 | should return 200 and list only the authenticated user's companies",
                  "timedOut": false,
                  "duration": 259,
                  "state": "passed",
                  "speed": "slow",
                  "pass": true,
                  "fail": false,
                  "pending": false,
                  "context": null,
                  "code": "await request(app).post(COMPANIES).set('Authorization', `Bearer ${token}`)\n  .send({ name: 'Corp A', linkedinUrl: uniqueCompanyUrl() });\nawait request(app).post(COMPANIES).set('Authorization', `Bearer ${token}`)\n  .send({ name: 'Corp B', linkedinUrl: uniqueCompanyUrl() });\nawait request(app).post(COMPANIES).set('Authorization', `Bearer ${otherToken}`)\n  .send({ name: 'Corp C', linkedinUrl: uniqueCompanyUrl() });\nconst res = await request(app)\n  .get(COMPANIES)\n  .set('Authorization', `Bearer ${token}`);\nexpect(res.status).to.equal(200);\nexpect(res.body).to.be.an('array').with.lengthOf(2);",
                  "err": {},
                  "uuid": "86d30f24-344b-43b5-9295-d9bcd36b0c7f",
                  "parentUUID": "aacfa236-43ec-4efa-8832-51da60c973bc",
                  "isHook": false,
                  "skipped": false
                }
              ],
              "suites": [],
              "passes": [
                "86d30f24-344b-43b5-9295-d9bcd36b0c7f"
              ],
              "failures": [],
              "pending": [],
              "skipped": [],
              "duration": 259,
              "root": false,
              "rootEmpty": false,
              "_timeout": 20000
            },
            {
              "uuid": "0f2c5c68-88b7-401b-b996-cf9a03aa6397",
              "title": "GET | PUT | DELETE /api/v1/linkedin/companies/:id",
              "fullFile": "/Users/eldinaldolustosa/Desktop/projetos/jobapplication/tests/linkedin/linkedin.spec.js",
              "file": "/tests/linkedin/linkedin.spec.js",
              "beforeHooks": [],
              "afterHooks": [],
              "tests": [
                {
                  "title": "US06-008 | should return 200 for GET by ID",
                  "fullTitle": "[LINKEDIN] LinkedIn Layer GET | PUT | DELETE /api/v1/linkedin/companies/:id US06-008 | should return 200 for GET by ID",
                  "timedOut": false,
                  "duration": 107,
                  "state": "passed",
                  "speed": "slow",
                  "pass": true,
                  "fail": false,
                  "pending": false,
                  "context": null,
                  "code": "const created = await request(app).post(COMPANIES)\n  .set('Authorization', `Bearer ${token}`)\n  .send({ name: 'Corp D', linkedinUrl: uniqueCompanyUrl() });\nconst res = await request(app)\n  .get(`${COMPANIES}/${created.body._id}`)\n  .set('Authorization', `Bearer ${token}`);\nexpect(res.status).to.equal(200);\nexpect(res.body._id).to.equal(created.body._id);",
                  "err": {},
                  "uuid": "15fb575b-e49c-4c6f-b74f-102e800c30e1",
                  "parentUUID": "0f2c5c68-88b7-401b-b996-cf9a03aa6397",
                  "isHook": false,
                  "skipped": false
                },
                {
                  "title": "US06-009 | should return 200 and updated fields for PUT",
                  "fullTitle": "[LINKEDIN] LinkedIn Layer GET | PUT | DELETE /api/v1/linkedin/companies/:id US06-009 | should return 200 and updated fields for PUT",
                  "timedOut": false,
                  "duration": 150,
                  "state": "passed",
                  "speed": "slow",
                  "pass": true,
                  "fail": false,
                  "pending": false,
                  "context": null,
                  "code": "const created = await request(app).post(COMPANIES)\n  .set('Authorization', `Bearer ${token}`)\n  .send({ name: 'Corp E', linkedinUrl: uniqueCompanyUrl() });\nconst res = await request(app)\n  .put(`${COMPANIES}/${created.body._id}`)\n  .set('Authorization', `Bearer ${token}`)\n  .send({ notes: 'Great fintech company', sector: 'Fintech' });\nexpect(res.status).to.equal(200);\nexpect(res.body.notes).to.equal('Great fintech company');",
                  "err": {},
                  "uuid": "b7fe4975-5ec5-49bb-8b29-1ed2969909ec",
                  "parentUUID": "0f2c5c68-88b7-401b-b996-cf9a03aa6397",
                  "isHook": false,
                  "skipped": false
                },
                {
                  "title": "US06-010 | should return 204 for DELETE and 404 on subsequent GET",
                  "fullTitle": "[LINKEDIN] LinkedIn Layer GET | PUT | DELETE /api/v1/linkedin/companies/:id US06-010 | should return 204 for DELETE and 404 on subsequent GET",
                  "timedOut": false,
                  "duration": 184,
                  "state": "passed",
                  "speed": "slow",
                  "pass": true,
                  "fail": false,
                  "pending": false,
                  "context": null,
[...]
                  "speed": "slow",
                  "pass": true,
                  "fail": false,
                  "pending": false,
                  "context": null,
                  "code": "const created = await request(app).post(CONTACTS)\n  .set('Authorization', `Bearer ${token}`)\n  .send({ ...fixtures.validRecruiter, linkedinUrl: uniqueContactUrl() });\nconst del = await request(app)\n  .delete(`${CONTACTS}/${created.body._id}`)\n  .set('Authorization', `Bearer ${token}`);\nexpect(del.status).to.equal(204);\nconst get = await request(app)\n  .get(`${CONTACTS}/${created.body._id}`)\n  .set('Authorization', `Bearer ${token}`);\nexpect(get.status).to.equal(404);",
                  "err": {},
                  "uuid": "5631a2c6-bb86-48a6-9c13-d003ca227238",
                  "parentUUID": "631e9816-20f3-4200-ba41-ba17e3d0de12",
                  "isHook": false,
                  "skipped": false
                }
              ],
              "suites": [],
              "passes": [
                "b10874c7-9b44-4cee-a6af-eb83dfa76c48",
                "c0b7ba35-bf65-4f89-af2f-8766530d8198",
                "5631a2c6-bb86-48a6-9c13-d003ca227238"
              ],
              "failures": [],
              "pending": [],
              "skipped": [],
              "duration": 491,
              "root": false,
              "rootEmpty": false,
              "_timeout": 20000
            }
          ],
          "passes": [],
          "failures": [],
          "pending": [],
          "skipped": [],
          "duration": 0,
          "root": false,
          "rootEmpty": false,
          "_timeout": 20000
        },
        {
          "uuid": "87941260-55e6-47aa-84a4-a4dfe63532c6",
          "title": "[USERS] Users Layer",
          "fullFile": "/Users/eldinaldolustosa/Desktop/projetos/jobapplication/tests/users/users.spec.js",
          "file": "/tests/users/users.spec.js",
          "beforeHooks": [
            {
              "title": "\"before all\" hook in \"[USERS] Users Layer\"",
              "fullTitle": "[USERS] Users Layer \"before all\" hook in \"[USERS] Users Layer\"",
              "timedOut": false,
              "duration": 472,
              "state": null,
              "speed": null,
              "pass": false,
              "fail": false,
              "pending": false,
              "context": null,
              "code": "await connectTestDB();\nawait clearCollections('users');",
              "err": {},
              "uuid": "2a6b97a4-33aa-4111-970c-115655b76bc6",
              "parentUUID": "87941260-55e6-47aa-84a4-a4dfe63532c6",
              "isHook": true,
              "skipped": false
            }
          ],
          "afterHooks": [
            {
              "title": "\"after all\" hook in \"[USERS] Users Layer\"",
              "fullTitle": "[USERS] Users Layer \"after all\" hook in \"[USERS] Users Layer\"",
              "timedOut": false,
              "duration": 2,
              "state": null,
              "speed": null,
              "pass": false,
              "fail": false,
              "pending": false,
              "context": null,
              "code": "await closeTestDB();",
              "err": {},
              "uuid": "e88499ba-cddf-49f3-bd83-6ea1f28a779a",
              "parentUUID": "87941260-55e6-47aa-84a4-a4dfe63532c6",
              "isHook": true,
              "skipped": false
            },
            {
              "title": "\"after each\" hook in \"[USERS] Users Layer\"",
              "fullTitle": "[USERS] Users Layer \"after each\" hook in \"[USERS] Users Layer\"",
              "timedOut": false,
              "duration": 40,
              "state": null,
              "speed": null,
              "pass": false,
              "fail": false,
              "pending": false,
              "context": null,
              "code": "await clearCollections('users');",
              "err": {},
              "uuid": "20a841b0-f524-48df-bb37-07db81f0b65b",
              "parentUUID": "87941260-55e6-47aa-84a4-a4dfe63532c6",
              "isHook": true,
              "skipped": false
            }
          ],
          "tests": [],
          "suites": [
            {
              "uuid": "d18cdb34-2a55-4bc6-b4e1-c314dca32f60",
              "title": "POST /api/v1/users/register",
              "fullFile": "/Users/eldinaldolustosa/Desktop/projetos/jobapplication/tests/users/users.spec.js",
              "file": "/tests/users/users.spec.js",
              "beforeHooks": [],
              "afterHooks": [],
              "tests": [
                {
                  "title": "US01-001 | should return 201 and user object for valid registration data",
                  "fullTitle": "[USERS] Users Layer POST /api/v1/users/register US01-001 | should return 201 and user object for valid registration data",
                  "timedOut": false,
                  "duration": 635,
                  "state": "passed",
                  "speed": "slow",
                  "pass": true,
                  "fail": false,
                  "pending": false,
                  "context": null,
                  "code": "const res = await request(app)\n  .post('/api/v1/users/register')\n  .send({ name: 'Eddie Lustosa', email: uniqueEmail(), password: 'Eddie1234' });\nexpect(res.status).to.equal(201);\nexpect(res.body).to.have.property('message', 'Usuário cadastrado com sucesso');\nexpect(res.body.user).to.include.keys('_id', 'name', 'email', 'createdAt');",
                  "err": {},
                  "uuid": "0a3cd4b2-aef1-47c8-9f67-9b9a9b8dc2bf",
                  "parentUUID": "d18cdb34-2a55-4bc6-b4e1-c314dca32f60",
                  "isHook": false,
                  "skipped": false
                },
                {
                  "title": "US01-002 | should never return password in the response body",
                  "fullTitle": "[USERS] Users Layer POST /api/v1/users/register US01-002 | should never return password in the response body",
                  "timedOut": false,
                  "duration": 163,
                  "state": "passed",
                  "speed": "slow",
                  "pass": true,
                  "fail": false,
                  "pending": false,
                  "context": null,
                  "code": "const res = await request(app)\n  .post('/api/v1/users/register')\n  .send({ name: 'Security Test', email: uniqueEmail(), password: 'SecurePass1' });\nexpect(res.status).to.equal(201);\nexpect(res.body.user).to.not.have.property('password');",
                  "err": {},
                  "uuid": "a59d2811-048f-4af4-9715-9e8b89d0e9ec",
                  "parentUUID": "d18cdb34-2a55-4bc6-b4e1-c314dca32f60",
                  "isHook": false,
                  "skipped": false
                },
                {
                  "title": "US01-003 | should return 409 Conflict when email is already registered",
                  "fullTitle": "[USERS] Users Layer POST /api/v1/users/register US01-003 | should return 409 Conflict when email is already registered",
                  "timedOut": false,
                  "duration": 190,
                  "state": "passed",
                  "speed": "slow",
                  "pass": true,
                  "fail": false,
                  "pending": false,
                  "context": null,
                  "code": "const email = uniqueEmail();\nawait request(app)\n  .post('/api/v1/users/register')\n  .send({ name: 'First User', email, password: 'FirstPass1' });\nconst res = await request(app)\n  .post('/api/v1/users/register')\n  .send({ name: 'Duplicate User', email, password: 'DupPass123' });\nexpect(res.status).to.equal(409);\nexpect(res.body.message).to.equal('E-mail já cadastrado');",
                  "err": {},
                  "uuid": "dabfa33f-617e-4019-8e10-fd6fe8af84de",
                  "parentUUID": "d18cdb34-2a55-4bc6-b4e1-c314dca32f60",
                  "isHook": false,
                  "skipped": false
                },
                {
                  "title": "US01-004 | should return 400 when password has fewer than 8 characters",
                  "fullTitle": "[USERS] Users Layer POST /api/v1/users/register US01-004 | should return 400 when password has fewer than 8 characters",
                  "timedOut": false,
                  "duration": 1,
                  "state": "passed",
                  "speed": "fast",
                  "pass": true,
                  "fail": false,
                  "pending": false,
                  "context": null,
                  "code": "const res = await request(app)\n  .post('/api/v1/users/register')\n  .send({ name: 'Short Pass', email: uniqueEmail(), password: 'ab1' });\nexpect(res.status).to.equal(400);\nconst errorMessages = res.body.errors.map((e) => e.message);\nexpect(errorMessages.join(' ')).to.include('8');",
                  "err": {},
                  "uuid": "76fe6547-f40d-4daf-b484-d60d2f8b036d",
                  "parentUUID": "d18cdb34-2a55-4bc6-b4e1-c314dca32f60",
                  "isHook": false,
                  "skipped": false
                },
                {
                  "title": "US01-005 | should return 400 when password contains no numbers",
                  "fullTitle": "[USERS] Users Layer POST /api/v1/users/register US01-005 | should return 400 when password contains no numbers",
                  "timedOut": false,
                  "duration": 1,
                  "state": "passed",
                  "speed": "fast",
                  "pass": true,
                  "fail": false,
                  "pending": false,
                  "context": null,
                  "code": "const res = await request(app)\n  .post('/api/v1/users/register')\n  .send({ name: 'No Number', email: uniqueEmail(), password: 'abcdefghij' });\nexpect(res.status).to.equal(400);\nconst errorMessages = res.body.errors.map((e) => e.message);\nexpect(errorMessages.join(' ')).to.include('número');",
                  "err": {},
                  "uuid": "aa6d84e8-04ca-42dd-900a-3750f03a638d",
                  "parentUUID": "d18cdb34-2a55-4bc6-b4e1-c314dca32f60",
                  "isHook": false,
                  "skipped": false
                },
                {
                  "title": "US01-006 | should return 400 for invalid email format",
                  "fullTitle": "[USERS] Users Layer POST /api/v1/users/register US01-006 | should return 400 for invalid email format",
                  "timedOut": false,
                  "duration": 2,
                  "state": "passed",
                  "speed": "fast",
                  "pass": true,
                  "fail": false,
                  "pending": false,
                  "context": null,
                  "code": "const res = await request(app)\n  .post('/api/v1/users/register')\n  .send({ name: 'Bad Email', email: 'not-an-email', password: 'ValidPass1' });\nexpect(res.status).to.equal(400);\nexpect(res.body).to.have.property('errors').that.is.an('array');",
                  "err": {},
                  "uuid": "b0cc96f2-6728-4f64-954f-c6383abc1c40",
                  "parentUUID": "d18cdb34-2a55-4bc6-b4e1-c314dca32f60",
                  "isHook": false,
                  "skipped": false
                },
                {
                  "title": "US01-007 | should return 400 when name is missing",
                  "fullTitle": "[USERS] Users Layer POST /api/v1/users/register US01-007 | should return 400 when name is missing",
                  "timedOut": false,
                  "duration": 3,
                  "state": "passed",
                  "speed": "fast",
                  "pass": true,
                  "fail": false,
                  "pending": false,
                  "context": null,
                  "code": "const res = await request(app)\n  .post('/api/v1/users/register')\n  .send({ email: uniqueEmail(), password: 'ValidPass1' });\nexpect(res.status).to.equal(400);\nconst fields = res.body.errors.map((e) => e.field);\nexpect(fields).to.include('name');",
                  "err": {},
                  "uuid": "3c845a20-2f01-4b07-a437-35bd3707e55c",
                  "parentUUID": "d18cdb34-2a55-4bc6-b4e1-c314dca32f60",
                  "isHook": false,
                  "skipped": false
                },
                {
                  "title": "US01-008 | should return 400 when email is missing",
                  "fullTitle": "[USERS] Users Layer POST /api/v1/users/register US01-008 | should return 400 when email is missing",
                  "timedOut": false,
                  "duration": 2,
                  "state": "passed",
                  "speed": "fast",
                  "pass": true,
                  "fail": false,
                  "pending": false,
                  "context": null,
                  "code": "const res = await request(app)\n  .post('/api/v1/users/register')\n  .send({ name: 'No Email', password: 'ValidPass1' });\nexpect(res.status).to.equal(400);\nconst fields = res.body.errors.map((e) => e.field);\nexpect(fields).to.include('email');",
                  "err": {},
                  "uuid": "4f09b2e9-8575-46aa-aa2a-a33b4997f88d",
                  "parentUUID": "d18cdb34-2a55-4bc6-b4e1-c314dca32f60",
                  "isHook": false,
                  "skipped": false
                },
                {
                  "title": "US01-009 | should return 400 when all fields are missing",
                  "fullTitle": "[USERS] Users Layer POST /api/v1/users/register US01-009 | should return 400 when all fields are missing",
                  "timedOut": false,
                  "duration": 2,
                  "state": "passed",
                  "speed": "fast",
                  "pass": true,
                  "fail": false,
                  "pending": false,
                  "context": null,
                  "code": "const res = await request(app)\n  .post('/api/v1/users/register')\n  .send({});\nexpect(res.status).to.equal(400);\nexpect(res.body.errors.length).to.be.greaterThan(1);",
                  "err": {},
                  "uuid": "cbd8d824-2a64-4376-a7c6-3e7a30ce5475",
                  "parentUUID": "d18cdb34-2a55-4bc6-b4e1-c314dca32f60",
                  "isHook": false,
                  "skipped": false
                }
              ],
              "suites": [],
              "passes": [
                "0a3cd4b2-aef1-47c8-9f67-9b9a9b8dc2bf",
                "a59d2811-048f-4af4-9715-9e8b89d0e9ec",
                "dabfa33f-617e-4019-8e10-fd6fe8af84de",
                "76fe6547-f40d-4daf-b484-d60d2f8b036d",
                "aa6d84e8-04ca-42dd-900a-3750f03a638d",
                "b0cc96f2-6728-4f64-954f-c6383abc1c40",
                "3c845a20-2f01-4b07-a437-35bd3707e55c",
                "4f09b2e9-8575-46aa-aa2a-a33b4997f88d",
                "cbd8d824-2a64-4376-a7c6-3e7a30ce5475"
              ],
              "failures": [],
              "pending": [],
              "skipped": [],
              "duration": 999,
              "root": false,
              "rootEmpty": false,
              "_timeout": 20000
            },
            {
              "uuid": "482c8458-939e-4a9f-ab60-aa74143d9eab",
              "title": "GET /api/v1/users/me",
              "fullFile": "/Users/eldinaldolustosa/Desktop/projetos/jobapplication/tests/users/users.spec.js",
              "file": "/tests/users/users.spec.js",
              "beforeHooks": [],
              "afterHooks": [],
              "tests": [
                {
                  "title": "US01-010 | should return 200 and user profile for authenticated user",
                  "fullTitle": "[USERS] Users Layer GET /api/v1/users/me US01-010 | should return 200 and user profile for authenticated user",
                  "timedOut": false,
                  "duration": 292,
                  "state": "passed",
                  "speed": "slow",
                  "pass": true,
                  "fail": false,
                  "pending": false,
                  "context": null,
                  "code": "const { token, user } = await createUserAndLogin();\nconst res = await request(app)\n  .get('/api/v1/users/me')\n  .set('Authorization', `Bearer ${token}`);\nexpect(res.status).to.equal(200);\nexpect(res.body.user._id).to.equal(user._id);\nexpect(res.body.user).to.not.have.property('password');",
                  "err": {},
                  "uuid": "4589179d-4a62-4a1d-b9ee-e03cad53e336",
                  "parentUUID": "482c8458-939e-4a9f-ab60-aa74143d9eab",
                  "isHook": false,
                  "skipped": false
                },
                {
                  "title": "US01-011 | should return 401 when no token is provided",
                  "fullTitle": "[USERS] Users Layer GET /api/v1/users/me US01-011 | should return 401 when no token is provided",
                  "timedOut": false,
                  "duration": 1,
                  "state": "passed",
                  "speed": "fast",
                  "pass": true,
                  "fail": false,
                  "pending": false,
                  "context": null,
                  "code": "const res = await request(app).get('/api/v1/users/me');\nexpect(res.status).to.equal(401);",
                  "err": {},
                  "uuid": "67f07d27-7bbe-4e8c-885f-b5ef1f44e099",
                  "parentUUID": "482c8458-939e-4a9f-ab60-aa74143d9eab",
                  "isHook": false,
                  "skipped": false
                },
                {
                  "title": "US01-012 | should return 401 for invalid Bearer token",
                  "fullTitle": "[USERS] Users Layer GET /api/v1/users/me US01-012 | should return 401 for invalid Bearer token",
                  "timedOut": false,
                  "duration": 2,
                  "state": "passed",
                  "speed": "fast",
                  "pass": true,
                  "fail": false,
                  "pending": false,
                  "context": null,
                  "code": "const res = await request(app)\n  .get('/api/v1/users/me')\n  .set('Authorization', 'Bearer garbage.token.here');\nexpect(res.status).to.equal(401);",
                  "err": {},
                  "uuid": "298c21b9-4825-4484-944e-24f6f67173a4",
                  "parentUUID": "482c8458-939e-4a9f-ab60-aa74143d9eab",
                  "isHook": false,
                  "skipped": false
                }
              ],
              "suites": [],
              "passes": [
                "4589179d-4a62-4a1d-b9ee-e03cad53e336",
                "67f07d27-7bbe-4e8c-885f-b5ef1f44e099",
                "298c21b9-4825-4484-944e-24f6f67173a4"
              ],
              "failures": [],
              "pending": [],
              "skipped": [],
              "duration": 295,
              "root": false,
              "rootEmpty": false,
              "_timeout": 20000
            }
          ],
          "passes": [],
          "failures": [],
          "pending": [],
          "skipped": [],
          "duration": 0,
          "root": false,
          "rootEmpty": false,
          "_timeout": 20000
        }
      ],
      "passes": [],
      "failures": [],
      "pending": [],
      "skipped": [],
      "duration": 0,
      "root": true,
      "rootEmpty": true,
      "_timeout": 20000
    }
  ],
  "meta": {
    "mocha": {
      "version": "11.7.5"
    },
    "mochawesome": {
      "options": {
        "quiet": false,
        "reportFilename": "mochawesome",
        "saveHtml": false,
        "saveJson": true,
        "consoleReporter": "spec",
        "useInlineDiffs": false,
        "code": true
      },
      "version": "7.1.4"
    },
    "marge": {
      "options": {
        "reportDir": "reports/mocha",
        "overwrite": "false",
        "html": "false",
        "json": "true"
      },
      "version": "6.3.2"
    }
  }
}